<?xml version="1.0" encoding="UTF-8" ?>

<testsuite failures="0" time="0.037" errors="0" skipped="0" tests="4" name="BasicTest">
  <testcase classname="BasicTest" name="createAndRetrieveUser" time="0.006">
      </testcase>
  <testcase classname="BasicTest" name="tryConnectAsUser" time="0.006">
      </testcase>
  <testcase classname="BasicTest" name="createPost" time="0.015">
      </testcase>
  <testcase classname="BasicTest" name="postComments" time="0.01">
      </testcase>
</testsuite>
